mode: set
github.com/orbitmesh/orbitmesh/internal/service/events.go:21.60,22.21 1 1
github.com/orbitmesh/orbitmesh/internal/service/events.go:22.21,24.3 1 1
github.com/orbitmesh/orbitmesh/internal/service/events.go:25.2,28.3 1 1
github.com/orbitmesh/orbitmesh/internal/service/events.go:31.82,43.2 5 1
github.com/orbitmesh/orbitmesh/internal/service/events.go:45.61,49.48 3 1
github.com/orbitmesh/orbitmesh/internal/service/events.go:49.48,52.3 2 1
github.com/orbitmesh/orbitmesh/internal/service/events.go:55.58,59.36 3 1
github.com/orbitmesh/orbitmesh/internal/service/events.go:59.36,60.62 1 1
github.com/orbitmesh/orbitmesh/internal/service/events.go:60.62,61.11 1 1
github.com/orbitmesh/orbitmesh/internal/service/events.go:62.29,62.29 0 1
github.com/orbitmesh/orbitmesh/internal/service/events.go:63.12,63.12 0 1
github.com/orbitmesh/orbitmesh/internal/service/events.go:69.50,73.2 3 1
github.com/orbitmesh/orbitmesh/internal/service/events.go:75.73,80.36 4 1
github.com/orbitmesh/orbitmesh/internal/service/events.go:80.36,81.56 1 1
github.com/orbitmesh/orbitmesh/internal/service/events.go:81.56,83.4 1 1
github.com/orbitmesh/orbitmesh/internal/service/events.go:85.2,85.14 1 1
github.com/orbitmesh/orbitmesh/internal/service/executor.go:61.58,65.25 3 1
github.com/orbitmesh/orbitmesh/internal/service/executor.go:65.25,67.3 1 0
github.com/orbitmesh/orbitmesh/internal/service/executor.go:69.2,70.20 2 1
github.com/orbitmesh/orbitmesh/internal/service/executor.go:70.20,72.3 1 0
github.com/orbitmesh/orbitmesh/internal/service/executor.go:74.2,83.3 1 1
github.com/orbitmesh/orbitmesh/internal/service/executor.go:86.119,90.9 3 1
github.com/orbitmesh/orbitmesh/internal/service/executor.go:91.22,92.34 1 1
github.com/orbitmesh/orbitmesh/internal/service/executor.go:93.10,93.10 0 1
github.com/orbitmesh/orbitmesh/internal/service/executor.go:96.2,96.41 1 1
github.com/orbitmesh/orbitmesh/internal/service/executor.go:96.41,98.3 1 1
github.com/orbitmesh/orbitmesh/internal/service/executor.go:100.2,101.16 2 1
github.com/orbitmesh/orbitmesh/internal/service/executor.go:101.16,103.3 1 1
github.com/orbitmesh/orbitmesh/internal/service/executor.go:105.2,107.94 2 1
github.com/orbitmesh/orbitmesh/internal/service/executor.go:107.94,109.3 1 0
github.com/orbitmesh/orbitmesh/internal/service/executor.go:111.2,111.22 1 1
github.com/orbitmesh/orbitmesh/internal/service/executor.go:111.22,112.49 1 1
github.com/orbitmesh/orbitmesh/internal/service/executor.go:112.49,114.4 1 0
github.com/orbitmesh/orbitmesh/internal/service/executor.go:117.2,133.21 7 1
github.com/orbitmesh/orbitmesh/internal/service/executor.go:136.105,138.15 2 1
github.com/orbitmesh/orbitmesh/internal/service/executor.go:138.15,139.31 1 1
github.com/orbitmesh/orbitmesh/internal/service/executor.go:139.31,141.4 1 0
github.com/orbitmesh/orbitmesh/internal/service/executor.go:144.2,148.16 4 1
github.com/orbitmesh/orbitmesh/internal/service/executor.go:148.16,151.3 2 1
github.com/orbitmesh/orbitmesh/internal/service/executor.go:153.2,159.14 5 1
github.com/orbitmesh/orbitmesh/internal/service/executor.go:162.79,165.15 3 1
github.com/orbitmesh/orbitmesh/internal/service/executor.go:165.15,166.31 1 1
github.com/orbitmesh/orbitmesh/internal/service/executor.go:166.31,168.4 1 0
github.com/orbitmesh/orbitmesh/internal/service/executor.go:171.2,172.19 2 1
github.com/orbitmesh/orbitmesh/internal/service/executor.go:172.19,174.3 1 0
github.com/orbitmesh/orbitmesh/internal/service/executor.go:176.2,176.6 1 1
github.com/orbitmesh/orbitmesh/internal/service/executor.go:176.6,177.10 1 1
github.com/orbitmesh/orbitmesh/internal/service/executor.go:178.21,179.10 1 1
github.com/orbitmesh/orbitmesh/internal/service/executor.go:180.30,181.11 1 1
github.com/orbitmesh/orbitmesh/internal/service/executor.go:181.11,183.5 1 1
github.com/orbitmesh/orbitmesh/internal/service/executor.go:184.4,185.39 2 0
github.com/orbitmesh/orbitmesh/internal/service/executor.go:190.78,193.15 3 1
github.com/orbitmesh/orbitmesh/internal/service/executor.go:193.15,194.31 1 1
github.com/orbitmesh/orbitmesh/internal/service/executor.go:194.31,196.4 1 0
github.com/orbitmesh/orbitmesh/internal/service/executor.go:199.2,202.6 3 1
github.com/orbitmesh/orbitmesh/internal/service/executor.go:202.6,203.10 1 1
github.com/orbitmesh/orbitmesh/internal/service/executor.go:204.21,205.10 1 1
github.com/orbitmesh/orbitmesh/internal/service/executor.go:206.19,208.96 2 0
github.com/orbitmesh/orbitmesh/internal/service/executor.go:208.96,210.5 1 0
github.com/orbitmesh/orbitmesh/internal/service/executor.go:215.75,220.13 4 1
github.com/orbitmesh/orbitmesh/internal/service/executor.go:220.13,222.3 1 1
github.com/orbitmesh/orbitmesh/internal/service/executor.go:224.2,225.95 2 1
github.com/orbitmesh/orbitmesh/internal/service/executor.go:225.95,227.3 1 1
github.com/orbitmesh/orbitmesh/internal/service/executor.go:229.2,229.70 1 1
github.com/orbitmesh/orbitmesh/internal/service/executor.go:229.70,231.3 1 1
github.com/orbitmesh/orbitmesh/internal/service/executor.go:233.2,244.12 7 1
github.com/orbitmesh/orbitmesh/internal/service/executor.go:247.76,252.13 4 1
github.com/orbitmesh/orbitmesh/internal/service/executor.go:252.13,254.3 1 0
github.com/orbitmesh/orbitmesh/internal/service/executor.go:256.2,257.68 2 1
github.com/orbitmesh/orbitmesh/internal/service/executor.go:257.68,259.3 1 0
github.com/orbitmesh/orbitmesh/internal/service/executor.go:261.2,264.52 3 1
github.com/orbitmesh/orbitmesh/internal/service/executor.go:264.52,266.3 1 0
github.com/orbitmesh/orbitmesh/internal/service/executor.go:268.2,269.12 2 1
github.com/orbitmesh/orbitmesh/internal/service/executor.go:272.77,277.13 4 1
github.com/orbitmesh/orbitmesh/internal/service/executor.go:277.13,279.3 1 0
github.com/orbitmesh/orbitmesh/internal/service/executor.go:281.2,282.47 2 1
github.com/orbitmesh/orbitmesh/internal/service/executor.go:282.47,284.3 1 1
github.com/orbitmesh/orbitmesh/internal/service/executor.go:286.2,289.54 3 1
github.com/orbitmesh/orbitmesh/internal/service/executor.go:289.54,291.3 1 0
github.com/orbitmesh/orbitmesh/internal/service/executor.go:293.2,294.12 2 1
github.com/orbitmesh/orbitmesh/internal/service/executor.go:297.54,302.13 4 1
github.com/orbitmesh/orbitmesh/internal/service/executor.go:302.13,304.3 1 0
github.com/orbitmesh/orbitmesh/internal/service/executor.go:306.2,307.48 2 1
github.com/orbitmesh/orbitmesh/internal/service/executor.go:307.48,309.3 1 0
github.com/orbitmesh/orbitmesh/internal/service/executor.go:311.2,311.69 1 1
github.com/orbitmesh/orbitmesh/internal/service/executor.go:311.69,313.3 1 1
github.com/orbitmesh/orbitmesh/internal/service/executor.go:315.2,315.43 1 1
github.com/orbitmesh/orbitmesh/internal/service/executor.go:315.43,317.3 1 0
github.com/orbitmesh/orbitmesh/internal/service/executor.go:319.2,322.12 3 1
github.com/orbitmesh/orbitmesh/internal/service/executor.go:325.72,330.13 4 1
github.com/orbitmesh/orbitmesh/internal/service/executor.go:330.13,332.3 1 1
github.com/orbitmesh/orbitmesh/internal/service/executor.go:334.2,334.24 1 1
github.com/orbitmesh/orbitmesh/internal/service/executor.go:337.78,342.13 4 1
github.com/orbitmesh/orbitmesh/internal/service/executor.go:342.13,344.3 1 1
github.com/orbitmesh/orbitmesh/internal/service/executor.go:346.2,346.34 1 1
github.com/orbitmesh/orbitmesh/internal/service/executor.go:349.58,354.32 4 1
github.com/orbitmesh/orbitmesh/internal/service/executor.go:354.32,356.3 1 1
github.com/orbitmesh/orbitmesh/internal/service/executor.go:357.2,357.17 1 1
github.com/orbitmesh/orbitmesh/internal/service/executor.go:360.61,365.29 4 1
github.com/orbitmesh/orbitmesh/internal/service/executor.go:365.29,367.3 1 1
github.com/orbitmesh/orbitmesh/internal/service/executor.go:368.2,370.32 2 1
github.com/orbitmesh/orbitmesh/internal/service/executor.go:370.32,372.3 1 1
github.com/orbitmesh/orbitmesh/internal/service/executor.go:374.2,375.12 2 1
github.com/orbitmesh/orbitmesh/internal/service/executor.go:375.12,378.3 2 1
github.com/orbitmesh/orbitmesh/internal/service/executor.go:380.2,380.9 1 1
github.com/orbitmesh/orbitmesh/internal/service/executor.go:381.14,382.13 1 1
github.com/orbitmesh/orbitmesh/internal/service/executor.go:383.20,384.33 1 0
github.com/orbitmesh/orbitmesh/internal/service/executor.go:384.33,386.4 1 0
github.com/orbitmesh/orbitmesh/internal/service/executor.go:387.3,387.19 1 0
github.com/orbitmesh/orbitmesh/internal/service/executor.go:391.109,394.66 2 1
github.com/orbitmesh/orbitmesh/internal/service/executor.go:394.66,396.3 1 0
github.com/orbitmesh/orbitmesh/internal/service/executor.go:398.2,398.22 1 1
github.com/orbitmesh/orbitmesh/internal/service/executor.go:398.22,400.3 1 1
github.com/orbitmesh/orbitmesh/internal/service/executor.go:402.2,402.64 1 1
github.com/orbitmesh/orbitmesh/internal/service/executor.go:405.126,408.2 2 1
github.com/orbitmesh/orbitmesh/internal/service/executor.go:410.88,411.35 1 0
github.com/orbitmesh/orbitmesh/internal/service/executor.go:412.25,413.37 1 0
github.com/orbitmesh/orbitmesh/internal/service/executor.go:414.24,415.36 1 0
github.com/orbitmesh/orbitmesh/internal/service/executor.go:416.27,417.33 1 0
github.com/orbitmesh/orbitmesh/internal/service/executor.go:417.33,418.43 1 0
github.com/orbitmesh/orbitmesh/internal/service/executor.go:418.43,420.5 1 0
github.com/orbitmesh/orbitmesh/internal/service/executor.go:424.2,424.22 1 0
github.com/orbitmesh/orbitmesh/internal/service/executor.go:424.22,426.3 1 0
github.com/orbitmesh/orbitmesh/internal/service/executor.go:429.64,435.22 4 0
github.com/orbitmesh/orbitmesh/internal/service/executor.go:435.22,437.3 1 0
github.com/orbitmesh/orbitmesh/internal/service/executor.go:439.2,440.32 2 0
